<?xml version="1.0" encoding="UTF-8"?>
<!-- Generated by org.testng.reporters.JUnitReportReporter -->
<testsuite hostname="Raashids-MacBook-Air.local" failures="0" tests="1" name="tests.NavLetterTest" time="9.509" errors="0" timestamp="2023-09-08T21:28:25 EDT" skipped="0">
  <testcase classname="tests.NavLetterTest" name="GetTitle" time="9.509"/>
</testsuite> <!-- tests.NavLetterTest -->
