<?xml version="1.0" encoding="UTF-8"?>
<!-- Generated by org.testng.reporters.JUnitReportReporter -->
<testsuite hostname="Raashids-MacBook-Air.local" failures="0" tests="6" name="tests.LandingTest" time="47.767" errors="0" timestamp="2023-09-11T10:52:14 EDT" skipped="0">
  <testcase classname="tests.LandingTest" name="playVid" time="10.769"/>
  <testcase classname="tests.LandingTest" name="ClickSignUpAndChangeCountry" time="7.651"/>
  <testcase classname="tests.LandingTest" name="SwipeRight" time="7.507"/>
  <testcase classname="tests.LandingTest" name="SwipeSecond" time="7.701"/>
  <testcase classname="tests.LandingTest" name="SwipeThird" time="7.069"/>
  <testcase classname="tests.LandingTest" name="GetTitle" time="7.070"/>
</testsuite> <!-- tests.LandingTest -->
