<?xml version="1.0" encoding="UTF-8"?>
<!-- Generated by org.testng.reporters.JUnitReportReporter -->
<testsuite hostname="Raashids-MacBook-Air.local" failures="0" tests="6" name="tests.LandingTest" time="47.358" errors="0" timestamp="2023-09-08T21:28:25 EDT" skipped="0">
  <testcase classname="tests.LandingTest" name="playVid" time="6.871"/>
  <testcase classname="tests.LandingTest" name="ClickSignUpAndChangeCountry" time="7.829"/>
  <testcase classname="tests.LandingTest" name="SwipeRight" time="10.501"/>
  <testcase classname="tests.LandingTest" name="SwipeSecond" time="7.820"/>
  <testcase classname="tests.LandingTest" name="SwipeThird" time="7.637"/>
  <testcase classname="tests.LandingTest" name="GetTitle" time="6.700"/>
</testsuite> <!-- tests.LandingTest -->
