<?xml version="1.0" encoding="UTF-8"?>
<!-- Generated by org.testng.reporters.JUnitReportReporter -->
<testsuite hostname="Raashids-MacBook-Air.local" failures="0" tests="5" name="tests.NavSearchTest" time="61.722" errors="0" timestamp="2023-09-09T16:45:19 EDT" skipped="0">
  <testcase classname="tests.NavSearchTest" name="SearchValuesOne" time="9.130"/>
  <testcase classname="tests.NavSearchTest" name="SearchValuesTwo" time="13.450"/>
  <testcase classname="tests.NavSearchTest" name="SearchValuesThree" time="12.113"/>
  <testcase classname="tests.NavSearchTest" name="SearchValuesFour" time="13.428"/>
  <testcase classname="tests.NavSearchTest" name="SearchValuesFive" time="13.601"/>
</testsuite> <!-- tests.NavSearchTest -->
