<?xml version="1.0" encoding="UTF-8"?>
<!-- Generated by org.testng.reporters.JUnitReportReporter -->
<testsuite hostname="Raashids-MacBook-Air.local" failures="0" tests="5" name="tests.NavSearchTest" time="79.932" errors="0" timestamp="2023-09-08T21:28:25 EDT" skipped="0">
  <testcase classname="tests.NavSearchTest" name="SearchValuesOne" time="12.899"/>
  <testcase classname="tests.NavSearchTest" name="SearchValuesTwo" time="18.052"/>
  <testcase classname="tests.NavSearchTest" name="SearchValuesThree" time="17.219"/>
  <testcase classname="tests.NavSearchTest" name="SearchValuesFour" time="15.981"/>
  <testcase classname="tests.NavSearchTest" name="SearchValuesFive" time="15.781"/>
</testsuite> <!-- tests.NavSearchTest -->
