<?xml version="1.0" encoding="UTF-8"?>
<!-- Generated by org.testng.reporters.JUnitReportReporter -->
<testsuite hostname="Raashids-MacBook-Air.local" failures="0" tests="1" name="tests.NavMenuTest" time="12.701" errors="0" timestamp="2023-09-09T14:44:08 EDT" skipped="0">
  <testcase classname="tests.NavMenuTest" name="GetToTrip" time="12.701"/>
</testsuite> <!-- tests.NavMenuTest -->
